Attaching to docker_btc_1, docker_mysql_1, docker_geth_1, docker_ckb_1, docker_ckb-indexer_1
[36mbtc_1          |[0m Bitcoin Core starting
[32mgeth_1         |[0m INFO [04-19|12:18:25.190] Maximum peer count                       ETH=50 LES=0 total=50
[32mgeth_1         |[0m INFO [04-19|12:18:25.199] Smartcard socket not found, disabling    err="stat /run/pcscd/pcscd.comm: no such file or directory"
[33mmysql_1        |[0m 2021-04-19 12:18:24+00:00 [Note] [Entrypoint]: Entrypoint script for MySQL Server 5.7.33-1debian10 started.
[32mgeth_1         |[0m ERROR[04-19|12:18:25.201] Failed to enumerate USB devices          hub=ledger vendor=11415 failcount=1 err="failed to initialize libusb: libusb: unknown error [code -99]"
[32mgeth_1         |[0m ERROR[04-19|12:18:25.202] Failed to enumerate USB devices          hub=trezor vendor=21324 failcount=1 err="failed to initialize libusb: libusb: unknown error [code -99]"
[32mgeth_1         |[0m ERROR[04-19|12:18:25.202] Failed to enumerate USB devices          hub=trezor vendor=4617  failcount=1 err="failed to initialize libusb: libusb: unknown error [code -99]"
[32mgeth_1         |[0m ERROR[04-19|12:18:25.202] Failed to enumerate USB devices          hub=ledger vendor=11415 failcount=2 err="failed to initialize libusb: libusb: unknown error [code -99]"
[32mgeth_1         |[0m ERROR[04-19|12:18:25.202] Failed to enumerate USB devices          hub=trezor vendor=21324 failcount=2 err="failed to initialize libusb: libusb: unknown error [code -99]"
[32mgeth_1         |[0m ERROR[04-19|12:18:25.202] Failed to enumerate USB devices          hub=trezor vendor=4617  failcount=2 err="failed to initialize libusb: libusb: unknown error [code -99]"
[32mgeth_1         |[0m INFO [04-19|12:18:25.205] Set global gas cap                       cap=25000000
[32mgeth_1         |[0m INFO [04-19|12:18:25.205] Allocated cache and file handles         database=/data/geth/chaindata cache=16.00MiB handles=16
[35mckb_1          |[0m Initialized CKB directory in /var/lib/ckb
[35mckb_1          |[0m cp /var/dev.toml specs/dev.toml
[32mgeth_1         |[0m INFO [04-19|12:18:25.226] Writing custom genesis block 
[32mgeth_1         |[0m INFO [04-19|12:18:25.231] Persisted trie from memory database      nodes=9 size=1.27KiB time="169.6µs" gcnodes=0 gcsize=0.00B gctime=0s livenodes=1 livesize=0.00B
[35mckb_1          |[0m create ckb.toml
[33mmysql_1        |[0m 2021-04-19 12:18:25+00:00 [Note] [Entrypoint]: Switching to dedicated user 'mysql'
[33mmysql_1        |[0m 2021-04-19 12:18:25+00:00 [Note] [Entrypoint]: Entrypoint script for MySQL Server 5.7.33-1debian10 started.
[35mckb_1          |[0m create ckb-miner.toml
[32mgeth_1         |[0m INFO [04-19|12:18:25.232] Successfully wrote genesis state         database=chaindata            hash="d6a51e…670c10"
[32mgeth_1         |[0m INFO [04-19|12:18:25.232] Allocated cache and file handles         database=/data/geth/lightchaindata cache=16.00MiB handles=16
[33mmysql_1        |[0m 2021-04-19 12:18:25+00:00 [Note] [Entrypoint]: Initializing database files
[32mgeth_1         |[0m INFO [04-19|12:18:25.238] Writing custom genesis block 
[35mckb_1          |[0m create default.db-options
[32mgeth_1         |[0m INFO [04-19|12:18:25.239] Persisted trie from memory database      nodes=9 size=1.27KiB time="173.8µs" gcnodes=0 gcsize=0.00B gctime=0s livenodes=1 livesize=0.00B
[33mmysql_1        |[0m 2021-04-19T12:18:25.367949Z 0 [Warning] TIMESTAMP with implicit DEFAULT value is deprecated. Please use --explicit_defaults_for_timestamp server option (see documentation for more details).
[33mmysql_1        |[0m 2021-04-19T12:18:26.245670Z 0 [Warning] InnoDB: New log files created, LSN=45790
[33mmysql_1        |[0m 2021-04-19T12:18:26.392038Z 0 [Warning] InnoDB: Creating foreign key constraint system tables.
[33mmysql_1        |[0m 2021-04-19T12:18:26.471066Z 0 [Warning] No existing UUID has been found, so we assume that this is the first time that this server has been started. Generating a new UUID: 57cc34bd-a109-11eb-a161-0242ac130004.
[35mckb_1          |[0m [1;30m2021-04-19 12:18:26.540 +00:00[0m [1;34mmain[0m INFO sentry  sentry is disabled
[35mckb_1          |[0m [1;30m2021-04-19 12:18:26.802 +00:00[0m [1;34mmain[0m INFO ckb_db::db  Initialize a new database
[33mmysql_1        |[0m 2021-04-19T12:18:26.476294Z 0 [Warning] Gtid table is not ready to be used. Table 'mysql.gtid_executed' cannot be opened.
[32mgeth_1         |[0m INFO [04-19|12:18:25.240] Successfully wrote genesis state         database=lightchaindata            hash="d6a51e…670c10"
[32mgeth_1         |[0m WARN [04-19|12:18:25.282] Sanitizing cache to Go's GC limits       provided=1024 updated=666
[32mgeth_1         |[0m INFO [04-19|12:18:25.284] Maximum peer count                       ETH=50 LES=0 total=50
[32mgeth_1         |[0m WARN [04-19|12:18:25.284] The flag --rpc is deprecated and will be removed in the future, please use --http 
[32mgeth_1         |[0m WARN [04-19|12:18:25.284] The flag --rpcaddr is deprecated and will be removed in the future, please use --http.addr 
[32mgeth_1         |[0m WARN [04-19|12:18:25.284] The flag --rpcport is deprecated and will be removed in the future, please use --http.port 
[32mgeth_1         |[0m WARN [04-19|12:18:25.284] The flag --rpcapi is deprecated and will be removed in the future, please use --http.api 
[32mgeth_1         |[0m INFO [04-19|12:18:25.284] Smartcard socket not found, disabling    err="stat /run/pcscd/pcscd.comm: no such file or directory"
[32mgeth_1         |[0m WARN [04-19|12:18:25.284] The flag --etherbase is deprecated and will be removed in the future, please use --miner.etherbase 
[32mgeth_1         |[0m WARN [04-19|12:18:25.285] The flag --gasprice is deprecated and will be removed in the future, please use --miner.gasprice 
[32mgeth_1         |[0m INFO [04-19|12:18:25.285] Set global gas cap                       cap=25000000
[32mgeth_1         |[0m WARN [04-19|12:18:25.286] Sanitizing invalid miner gas price       provided=0    updated=0
[32mgeth_1         |[0m INFO [04-19|12:18:25.287] Allocated trie memory caches             clean=165.00MiB dirty=166.00MiB
[32mgeth_1         |[0m INFO [04-19|12:18:25.287] Allocated cache and file handles         database=/data/geth/chaindata cache=333.00MiB handles=524288
[32mgeth_1         |[0m INFO [04-19|12:18:25.340] Opened ancient database                  database=/data/geth/chaindata/ancient
[32mgeth_1         |[0m INFO [04-19|12:18:25.343] Initialised chain configuration          config="{ChainID: 1234 Homestead: 0 DAO: <nil> DAOSupport: false EIP150: 0 EIP155: 0 EIP158: 0 Byzantium: 0 Constantinople: 0 Petersburg: 0 Istanbul: 0, Muir Glacier: <nil>, YOLO v1: <nil>, Engine: unknown}"
[32mgeth_1         |[0m INFO [04-19|12:18:25.344] Disk storage enabled for ethash caches   dir=/data/geth/ethash count=3
[32mgeth_1         |[0m INFO [04-19|12:18:25.345] Disk storage enabled for ethash DAGs     dir=/root/.ethash     count=2
[32mgeth_1         |[0m INFO [04-19|12:18:25.346] Initialising Ethereum protocol           versions="[65 64 63]" network=1234 dbversion=<nil>
[32mgeth_1         |[0m WARN [04-19|12:18:25.347] Upgrade blockchain database version      from=<nil> to=8
[32mgeth_1         |[0m INFO [04-19|12:18:25.348] Loaded most recent local header          number=0 hash="d6a51e…670c10" td=100000 age=52y2w2d
[32mgeth_1         |[0m INFO [04-19|12:18:25.349] Loaded most recent local full block      number=0 hash="d6a51e…670c10" td=100000 age=52y2w2d
[32mgeth_1         |[0m INFO [04-19|12:18:25.350] Loaded most recent local fast block      number=0 hash="d6a51e…670c10" td=100000 age=52y2w2d
[32mgeth_1         |[0m INFO [04-19|12:18:25.352] Regenerated local transaction journal    transactions=0 accounts=0
[32mgeth_1         |[0m INFO [04-19|12:18:25.358] Allocated fast sync bloom                size=331.00MiB
[32mgeth_1         |[0m INFO [04-19|12:18:25.360] Initialized fast sync bloom              items=9 errorrate=0.000 elapsed="313.1µs"
[32mgeth_1         |[0m INFO [04-19|12:18:25.373] Starting peer-to-peer node               instance=Geth/v1.9.23-stable-8c2f2715/linux-amd64/go1.15.3
[32mgeth_1         |[0m INFO [04-19|12:18:25.393] IPC endpoint opened                      url=/data/geth.ipc
[32mgeth_1         |[0m INFO [04-19|12:18:25.394] HTTP server started                      endpoint=[::]:8545 cors= vhosts=localhost
[32mgeth_1         |[0m INFO [04-19|12:18:25.395] Transaction pool price threshold updated price=0
[32mgeth_1         |[0m INFO [04-19|12:18:25.393] New local node record                    seq=1 id=e479294706bfae50 ip=127.0.0.1 udp=0 tcp=4321
[32mgeth_1         |[0m INFO [04-19|12:18:25.396] Started P2P networking                   self="enode://4308af0d071a6c28a0deae6661b9172de8c022ecad652436bcce975197ee624198f5eb5e950ecb027f39f9e720106c7a94d7e55d996c04af91e7344dc50625ad@127.0.0.1:4321?discport=0"
[32mgeth_1         |[0m INFO [04-19|12:18:25.395] Updated mining threads                   threads=1
[32mgeth_1         |[0m INFO [04-19|12:18:25.397] Transaction pool price threshold updated price=0
[32mgeth_1         |[0m INFO [04-19|12:18:25.398] Commit new mining work                   number=1 sealhash="f33e4e…b92020" uncles=0 txs=0 gas=0 fees=0 elapsed="430.1µs"
[32mgeth_1         |[0m INFO [04-19|12:18:25.747] Successfully sealed new block            number=1 sealhash="f33e4e…b92020" hash="f6be33…2de811" elapsed=349.412ms
[32mgeth_1         |[0m INFO [04-19|12:18:25.747] 🔨 mined potential block                  number=1 hash="f6be33…2de811"
[32mgeth_1         |[0m INFO [04-19|12:18:25.748] Commit new mining work                   number=2 sealhash="10e1e4…8606b1" uncles=0 txs=0 gas=0 fees=0 elapsed="221.7µs"
[35mckb_1          |[0m [1;30m2021-04-19 12:18:27.090 +00:00[0m [1;34mmain[0m INFO ckb_db_migration  Init database version 20200707214700
[35mckb_1          |[0m [1;30m2021-04-19 12:18:27.122 +00:00[0m [1;34mmain[0m INFO main  Touch chain spec hash: Byte32(0x8e58b013229fd9ed110336ca567d98484b660e4d1442a891d7abddf61268a9b1)
[35mckb_1          |[0m [1;30m2021-04-19 12:18:27.138 +00:00[0m [1;34mmain[0m INFO ckb_memory_tracker::process  track current process: disable
[35mckb_1          |[0m [1;30m2021-04-19 12:18:27.142 +00:00[0m [1;34mmain[0m INFO main  ckb version: 0.39.2 (2d56a24 2021-01-30)
[35mckb_1          |[0m [1;30m2021-04-19 12:18:27.142 +00:00[0m [1;34mmain[0m INFO main  chain genesis hash: 0xb14c7f9179a36956776f3be65be0524537b4f62985d351598c6234abfb32f10b
[35mckb_1          |[0m [1;30m2021-04-19 12:18:27.199 +00:00[0m [1;34mckb-global-runtime[0m INFO ckb_network::network  p2p service event: ListenStarted { address: "/ip4/0.0.0.0/tcp/8115" }
[35mckb_1          |[0m [1;30m2021-04-19 12:18:27.203 +00:00[0m [1;34mckb-global-runtime[0m INFO ckb_network::network  Listen on address: /ip4/0.0.0.0/tcp/8115/p2p/QmPTLdqzu8pn1sqRu3pf8UJZUP19AeTKGogXzki6ir4Evi
[35mckb_1          |[0m [1;30m2021-04-19 12:18:27.226 +00:00[0m [1;34mmain[0m INFO ckb_rpc::server  Listen HTTP RPCServer on address 0.0.0.0:8114
[33mmysql_1        |[0m 2021-04-19T12:18:27.437343Z 0 [Warning] CA certificate ca.pem is self signed.
[33mmysql_1        |[0m 2021-04-19T12:18:27.580743Z 1 [Warning] root@localhost is created with an empty password ! Please consider switching off the --initialize-insecure option.
[35mckb_1          |[0m [1;30m2021-04-19 12:18:29.562 +00:00[0m [1;34mmain[0m INFO sentry  sentry is disabled
[35mckb_1          |[0m [1;30m2021-04-19 12:18:29.578 +00:00[0m [1;34mmain[0m INFO ckb_memory_tracker::process  track current process: disable
[33mmysql_1        |[0m 2021-04-19 12:18:30+00:00 [Note] [Entrypoint]: Database files initialized
[33mmysql_1        |[0m 2021-04-19 12:18:30+00:00 [Note] [Entrypoint]: Starting temporary server
[33mmysql_1        |[0m 2021-04-19 12:18:30+00:00 [Note] [Entrypoint]: Waiting for server startup
[33mmysql_1        |[0m 2021-04-19T12:18:30.752062Z 0 [Warning] TIMESTAMP with implicit DEFAULT value is deprecated. Please use --explicit_defaults_for_timestamp server option (see documentation for more details).
[33mmysql_1        |[0m 2021-04-19T12:18:30.761299Z 0 [Note] mysqld (mysqld 5.7.33) starting as process 80 ...
[33mmysql_1        |[0m 2021-04-19T12:18:30.766197Z 0 [Note] InnoDB: PUNCH HOLE support available
[33mmysql_1        |[0m 2021-04-19T12:18:30.766339Z 0 [Note] InnoDB: Mutexes and rw_locks use GCC atomic builtins
[33mmysql_1        |[0m 2021-04-19T12:18:30.766352Z 0 [Note] InnoDB: Uses event mutexes
[33mmysql_1        |[0m 2021-04-19T12:18:30.766365Z 0 [Note] InnoDB: GCC builtin __atomic_thread_fence() is used for memory barrier
[33mmysql_1        |[0m 2021-04-19T12:18:30.766378Z 0 [Note] InnoDB: Compressed tables use zlib 1.2.11
[33mmysql_1        |[0m 2021-04-19T12:18:30.766385Z 0 [Note] InnoDB: Using Linux native AIO
[33mmysql_1        |[0m 2021-04-19T12:18:30.767045Z 0 [Note] InnoDB: Number of pools: 1
[33mmysql_1        |[0m 2021-04-19T12:18:30.767666Z 0 [Note] InnoDB: Using CPU crc32 instructions
[33mmysql_1        |[0m 2021-04-19T12:18:30.776255Z 0 [Note] InnoDB: Initializing buffer pool, total size = 128M, instances = 1, chunk size = 128M
[33mmysql_1        |[0m 2021-04-19T12:18:30.802940Z 0 [Note] InnoDB: Completed initialization of buffer pool
[33mmysql_1        |[0m 2021-04-19T12:18:30.806564Z 0 [Note] InnoDB: If the mysqld execution user is authorized, page cleaner thread priority can be changed. See the man page of setpriority().
[33mmysql_1        |[0m 2021-04-19T12:18:30.821805Z 0 [Note] InnoDB: Highest supported file format is Barracuda.
[33mmysql_1        |[0m 2021-04-19T12:18:30.882924Z 0 [Note] InnoDB: Creating shared tablespace for temporary tables
[33mmysql_1        |[0m 2021-04-19T12:18:30.883024Z 0 [Note] InnoDB: Setting file './ibtmp1' size to 12 MB. Physically writing the file full; Please wait ...
[33mmysql_1        |[0m 2021-04-19T12:18:30.935274Z 0 [Note] InnoDB: File './ibtmp1' size is now 12 MB.
[33mmysql_1        |[0m 2021-04-19T12:18:30.936686Z 0 [Note] InnoDB: 96 redo rollback segment(s) found. 96 redo rollback segment(s) are active.
[33mmysql_1        |[0m 2021-04-19T12:18:30.936724Z 0 [Note] InnoDB: 32 non-redo rollback segment(s) are active.
[33mmysql_1        |[0m 2021-04-19T12:18:30.937441Z 0 [Note] InnoDB: 5.7.33 started; log sequence number 2747516
[33mmysql_1        |[0m 2021-04-19T12:18:30.938850Z 0 [Note] InnoDB: Loading buffer pool(s) from /var/lib/mysql/ib_buffer_pool
[33mmysql_1        |[0m 2021-04-19T12:18:30.940351Z 0 [Note] Plugin 'FEDERATED' is disabled.
[33mmysql_1        |[0m 2021-04-19T12:18:30.940802Z 0 [Note] InnoDB: Buffer pool(s) load completed at 210419 12:18:30
[33mmysql_1        |[0m 2021-04-19T12:18:30.960063Z 0 [Note] Found ca.pem, server-cert.pem and server-key.pem in data directory. Trying to enable SSL support using them.
[33mmysql_1        |[0m 2021-04-19T12:18:30.960109Z 0 [Note] Skipping generation of SSL certificates as certificate files are present in data directory.
[33mmysql_1        |[0m 2021-04-19T12:18:30.964804Z 0 [Warning] CA certificate ca.pem is self signed.
[33mmysql_1        |[0m 2021-04-19T12:18:30.964871Z 0 [Note] Skipping generation of RSA key pair as key files are present in data directory.
[33mmysql_1        |[0m 2021-04-19T12:18:30.973771Z 0 [Warning] Insecure configuration for --pid-file: Location '/var/run/mysqld' in the path is accessible to all OS users. Consider choosing a different directory.
[33mmysql_1        |[0m 2021-04-19T12:18:31.035759Z 0 [Note] Event Scheduler: Loaded 0 events
[33mmysql_1        |[0m 2021-04-19T12:18:31.036601Z 0 [Note] mysqld: ready for connections.
[33mmysql_1        |[0m Version: '5.7.33'  socket: '/var/run/mysqld/mysqld.sock'  port: 0  MySQL Community Server (GPL)
[33mmysql_1        |[0m 2021-04-19 12:18:31+00:00 [Note] [Entrypoint]: Temporary server started.
[33mmysql_1        |[0m Warning: Unable to load '/usr/share/zoneinfo/iso3166.tab' as time zone. Skipping it.
[33mmysql_1        |[0m Warning: Unable to load '/usr/share/zoneinfo/leap-seconds.list' as time zone. Skipping it.
[35mckb_1          |[0m [1;30m2021-04-19 12:18:34.782 +00:00[0m [1;34mmain[0m INFO ckb_miner::miner  Found! #1 0x3538ad45ac1c1502c54927a41f5d812a06a3d1848a9a38426b9014a79848bc29
[35mckb_1          |[0m [1;30m2021-04-19 12:18:35.103 +00:00[0m [1;34mChainService[0m INFO ckb_chain::chain  block: 1, hash: 0x3538ad45ac1c1502c54927a41f5d812a06a3d1848a9a38426b9014a79848bc29, epoch: 0(1/1000), total_diff: 0x200, txs: 1
